<?xml version="1.0" encoding="UTF-8"?>
<testng-results ignored="0" total="1" passed="1" failed="0" skipped="0">
  <reporter-output>
  </reporter-output>
  <suite started-at="2022-04-24T21:00:54 IST" name="Suite" finished-at="2022-04-24T21:01:18 IST" duration-ms="24454">
    <groups>
    </groups>
    <test started-at="2022-04-24T21:00:54 IST" name="Test" finished-at="2022-04-24T21:01:18 IST" duration-ms="24454">
      <class name="daily_sample.demo_practice.example5">
        <test-method signature="webtable()[pri:0, instance:daily_sample.demo_practice.example5@22a637e7]" started-at="2022-04-24T21:00:54 IST" name="webtable" finished-at="2022-04-24T21:01:18 IST" duration-ms="24376" status="PASS">
          <reporter-output>
          </reporter-output>
        </test-method> <!-- webtable -->
      </class> <!-- daily_sample.demo_practice.example5 -->
    </test> <!-- Test -->
  </suite> <!-- Suite -->
</testng-results>
